<?xml version="1.0" encoding="UTF-8"?>
<!-- Generated by org.testng.reporters.JUnitXMLReporter -->
<testsuite ignored="6" hostname="LAPTOP-6J0MQ7T8" failures="0" tests="2" name="Test" time="0.12" errors="0" timestamp="2024-02-03T09:08:29 IST">
  <testcase classname="seleniumPro.TestTen" name="TestCEleven" time="0.008"/>
  <testcase classname="seleniumPro.TestTen" name="TestNine" time="0.001"/>
  <testcase classname="seleniumPro.TestNine" name="TestFour" time="0.0">
    <ignored/>
  </testcase> <!-- TestFour -->
  <testcase classname="seleniumPro.TestTen" name="TestCTen" time="0.0">
    <ignored/>
  </testcase> <!-- TestCTen -->
  <testcase classname="seleniumPro.TestNine" name="Testthree" time="0.0">
    <ignored/>
  </testcase> <!-- Testthree -->
  <testcase classname="seleniumPro.TestNine" name="Testtwo" time="0.0">
    <ignored/>
  </testcase> <!-- Testtwo -->
  <testcase classname="seleniumPro.TestNine" name="Testone" time="0.0">
    <ignored/>
  </testcase> <!-- Testone -->
  <testcase classname="seleniumPro.TestNine" name="TestFive" time="0.0">
    <ignored/>
  </testcase> <!-- TestFive -->
</testsuite> <!-- Test -->
