<?xml version="1.0" encoding="UTF-8"?>
<!-- Generated by org.testng.reporters.JUnitXMLReporter -->
<testsuite ignored="0" hostname="LAPTOP-6J0MQ7T8" failures="0" tests="4" name="Test" time="0.127" errors="0" timestamp="2024-02-02T08:56:39 IST">
  <testcase classname="seleniumPro.TestSix" name="TestOne" time="0.037"/>
  <testcase classname="seleniumPro.TestSix" name="TestTwo" time="0.001"/>
  <testcase classname="seleniumPro.TestSeven" name="Testfour" time="0.001"/>
  <testcase classname="seleniumPro.TestSeven" name="Testthree" time="0.002"/>
</testsuite> <!-- Test -->
