<?xml version="1.0" encoding="UTF-8"?>
<testng-results ignored="0" total="2" passed="2" failed="0" skipped="0">
  <reporter-output>
  </reporter-output>
  <suite started-at="2024-01-25T09:10:54 IST" name="Suite" finished-at="2024-01-25T09:10:54 IST" duration-ms="110">
    <groups>
    </groups>
    <test started-at="2024-01-25T09:10:54 IST" name="Test" finished-at="2024-01-25T09:10:54 IST" duration-ms="110">
      <class name="seleniumPro.TestThree">
        <test-method is-config="true" signature="BeforeSuite()[pri:0, instance:seleniumPro.TestThree@60099951]" started-at="2024-01-25T09:10:54 IST" name="BeforeSuite" finished-at="2024-01-25T09:10:54 IST" duration-ms="12" status="PASS">
          <reporter-output>
          </reporter-output>
        </test-method> <!-- BeforeSuite -->
        <test-method is-config="true" signature="beforeTest()[pri:0, instance:seleniumPro.TestThree@60099951]" started-at="2024-01-25T09:10:54 IST" name="beforeTest" finished-at="2024-01-25T09:10:54 IST" duration-ms="1" status="PASS">
          <reporter-output>
          </reporter-output>
        </test-method> <!-- beforeTest -->
        <test-method is-config="true" signature="beoforeClasse()[pri:0, instance:seleniumPro.TestThree@60099951]" started-at="2024-01-25T09:10:54 IST" name="beoforeClasse" finished-at="2024-01-25T09:10:54 IST" duration-ms="0" status="PASS">
          <reporter-output>
          </reporter-output>
        </test-method> <!-- beoforeClasse -->
        <test-method is-config="true" signature="BeforeMethod()[pri:0, instance:seleniumPro.TestThree@60099951]" started-at="2024-01-25T09:10:54 IST" name="BeforeMethod" finished-at="2024-01-25T09:10:54 IST" duration-ms="7" status="PASS">
          <reporter-output>
          </reporter-output>
        </test-method> <!-- BeforeMethod -->
        <test-method signature="TestSeven()[pri:1, instance:seleniumPro.TestThree@60099951]" started-at="2024-01-25T09:10:54 IST" name="TestSeven" finished-at="2024-01-25T09:10:54 IST" duration-ms="11" status="PASS">
          <reporter-output>
          </reporter-output>
        </test-method> <!-- TestSeven -->
        <test-method is-config="true" signature="AfterMethod()[pri:0, instance:seleniumPro.TestThree@60099951]" started-at="2024-01-25T09:10:54 IST" name="AfterMethod" finished-at="2024-01-25T09:10:54 IST" duration-ms="1" status="PASS">
          <reporter-output>
          </reporter-output>
        </test-method> <!-- AfterMethod -->
        <test-method signature="TestEight()[pri:2, instance:seleniumPro.TestThree@60099951]" started-at="2024-01-25T09:10:54 IST" name="TestEight" finished-at="2024-01-25T09:10:54 IST" duration-ms="4" status="PASS">
          <reporter-output>
          </reporter-output>
        </test-method> <!-- TestEight -->
        <test-method is-config="true" signature="BeforeMethod()[pri:0, instance:seleniumPro.TestThree@60099951]" started-at="2024-01-25T09:10:54 IST" name="BeforeMethod" finished-at="2024-01-25T09:10:54 IST" duration-ms="0" status="PASS">
          <reporter-output>
          </reporter-output>
        </test-method> <!-- BeforeMethod -->
        <test-method is-config="true" signature="AfterMethod()[pri:0, instance:seleniumPro.TestThree@60099951]" started-at="2024-01-25T09:10:54 IST" name="AfterMethod" finished-at="2024-01-25T09:10:54 IST" duration-ms="3" status="PASS">
          <reporter-output>
          </reporter-output>
        </test-method> <!-- AfterMethod -->
        <test-method is-config="true" signature="afterClasse()[pri:0, instance:seleniumPro.TestThree@60099951]" started-at="2024-01-25T09:10:54 IST" name="afterClasse" finished-at="2024-01-25T09:10:54 IST" duration-ms="1" status="PASS">
          <reporter-output>
          </reporter-output>
        </test-method> <!-- afterClasse -->
        <test-method is-config="true" signature="afterTest()[pri:0, instance:seleniumPro.TestThree@60099951]" started-at="2024-01-25T09:10:54 IST" name="afterTest" finished-at="2024-01-25T09:10:54 IST" duration-ms="1" status="PASS">
          <reporter-output>
          </reporter-output>
        </test-method> <!-- afterTest -->
        <test-method is-config="true" signature="afterSuite()[pri:0, instance:seleniumPro.TestThree@60099951]" started-at="2024-01-25T09:10:54 IST" name="afterSuite" finished-at="2024-01-25T09:10:54 IST" duration-ms="2" status="PASS">
          <reporter-output>
          </reporter-output>
        </test-method> <!-- afterSuite -->
      </class> <!-- seleniumPro.TestThree -->
    </test> <!-- Test -->
  </suite> <!-- Suite -->
</testng-results>
