<?xml version="1.0" encoding="UTF-8"?>
<testng-results ignored="0" total="2" passed="2" failed="0" skipped="0">
  <reporter-output>
  </reporter-output>
  <suite started-at="2024-01-26T09:32:28 IST" name="Default suite" finished-at="2024-01-26T09:32:36 IST" duration-ms="8366">
    <groups>
    </groups>
    <test started-at="2024-01-26T09:32:28 IST" name="Default test" finished-at="2024-01-26T09:32:36 IST" duration-ms="8366">
      <class name="seleniumPro.TestFive">
        <test-method is-config="true" signature="OpenBrowser()[pri:0, instance:seleniumPro.TestFive@54a7079e]" started-at="2024-01-26T09:32:28 IST" name="OpenBrowser" finished-at="2024-01-26T09:32:32 IST" duration-ms="4721" status="PASS">
          <reporter-output>
          </reporter-output>
        </test-method> <!-- OpenBrowser -->
        <test-method signature="VerifyCurrentUrl()[pri:0, instance:seleniumPro.TestFive@54a7079e]" started-at="2024-01-26T09:32:32 IST" name="VerifyCurrentUrl" finished-at="2024-01-26T09:32:32 IST" duration-ms="38" status="PASS">
          <reporter-output>
          </reporter-output>
        </test-method> <!-- VerifyCurrentUrl -->
        <test-method is-config="true" signature="CloseBrowser()[pri:0, instance:seleniumPro.TestFive@54a7079e]" started-at="2024-01-26T09:32:32 IST" name="CloseBrowser" finished-at="2024-01-26T09:32:33 IST" duration-ms="215" status="PASS">
          <reporter-output>
          </reporter-output>
        </test-method> <!-- CloseBrowser -->
        <test-method is-config="true" signature="OpenBrowser()[pri:0, instance:seleniumPro.TestFive@54a7079e]" started-at="2024-01-26T09:32:33 IST" name="OpenBrowser" finished-at="2024-01-26T09:32:36 IST" duration-ms="3124" status="PASS">
          <reporter-output>
          </reporter-output>
        </test-method> <!-- OpenBrowser -->
        <test-method signature="VerifyTitle()[pri:0, instance:seleniumPro.TestFive@54a7079e]" started-at="2024-01-26T09:32:36 IST" name="VerifyTitle" finished-at="2024-01-26T09:32:36 IST" duration-ms="12" status="PASS">
          <reporter-output>
          </reporter-output>
        </test-method> <!-- VerifyTitle -->
        <test-method is-config="true" signature="CloseBrowser()[pri:0, instance:seleniumPro.TestFive@54a7079e]" started-at="2024-01-26T09:32:36 IST" name="CloseBrowser" finished-at="2024-01-26T09:32:36 IST" duration-ms="179" status="PASS">
          <reporter-output>
          </reporter-output>
        </test-method> <!-- CloseBrowser -->
      </class> <!-- seleniumPro.TestFive -->
    </test> <!-- Default test -->
  </suite> <!-- Default suite -->
</testng-results>
